c:\users\97254\source\repos\tetrisgamewor\x64\debug\vc142.pdb
c:\users\97254\source\repos\tetrisgamewor\x64\debug\vc142.idb
c:\users\97254\source\repos\tetrisgamewor\x64\debug\utils.obj
c:\users\97254\source\repos\tetrisgamewor\x64\debug\point.obj
c:\users\97254\source\repos\tetrisgamewor\x64\debug\game.obj
c:\users\97254\source\repos\tetrisgamewor\x64\debug\board.obj
c:\users\97254\source\repos\tetrisgamewor\x64\debug\main.obj
c:\users\97254\source\repos\tetrisgamewor\x64\debug\ttettriss.exe
c:\users\97254\source\repos\tetrisgamewor\x64\debug\ttettriss.ilk
c:\users\97254\source\repos\tetrisgamewor\x64\debug\ttettriss.pdb
c:\users\97254\source\repos\tetrisgamewor\x64\debug\board.obj.enc
c:\users\97254\source\repos\tetrisgamewor\x64\debug\game.obj.enc
c:\users\97254\source\repos\tetrisgamewor\x64\debug\main.obj.enc
c:\users\97254\source\repos\tetrisgamewor\x64\debug\point.obj.enc
c:\users\97254\source\repos\tetrisgamewor\x64\debug\ttettriss.tlog\cl.command.1.tlog
c:\users\97254\source\repos\tetrisgamewor\x64\debug\ttettriss.tlog\cl.read.1.tlog
c:\users\97254\source\repos\tetrisgamewor\x64\debug\ttettriss.tlog\cl.write.1.tlog
c:\users\97254\source\repos\tetrisgamewor\x64\debug\ttettriss.tlog\link.command.1.tlog
c:\users\97254\source\repos\tetrisgamewor\x64\debug\ttettriss.tlog\link.read.1.tlog
c:\users\97254\source\repos\tetrisgamewor\x64\debug\ttettriss.tlog\link.write.1.tlog
